<?xml version="1.0" encoding="UTF-8"?>
<!-- Generated by org.testng.reporters.JUnitReportReporter -->
<testsuite hostname="LAPTOP-DATJALVN" failures="0" tests="4" name="Sel.OrangeTDD.OrangeLoginTest" time="63.732" errors="0" timestamp="2024-06-15T07:14:20 IST" skipped="0">
  <testcase classname="Sel.OrangeTDD.OrangeLoginTest" name="Logout_test3" time="25.625"/>
  <system-out/>
  <testcase classname="Sel.OrangeTDD.OrangeLoginTest" name="Login_test1" time="5.281"/>
  <system-out/>
  <testcase classname="Sel.OrangeTDD.OrangeLoginTest" name="operation_test" time="26.593"/>
  <system-out/>
  <testcase classname="Sel.OrangeTDD.OrangeLoginTest" name="Login_test1" time="6.233"/>
  <system-out/>
</testsuite> <!-- Sel.OrangeTDD.OrangeLoginTest -->
